CRITICAL - 2021-03-14 14:27:19 --> syntax error, unexpected token "echo"
#0 C:\xampp\htdocs\auta\system\Autoloader\Autoloader.php(265): CodeIgniter\Autoloader\Autoloader->includeFile('C:\\xampp\\htdocs...')
#1 C:\xampp\htdocs\auta\system\Autoloader\Autoloader.php(228): CodeIgniter\Autoloader\Autoloader->loadInNamespace('App\\Controllers...')
#2 [internal function]: CodeIgniter\Autoloader\Autoloader->loadClass('App\\Controllers...')
#3 C:\xampp\htdocs\auta\system\CodeIgniter.php(893): class_exists('\\App\\Controller...', true)
#4 C:\xampp\htdocs\auta\system\CodeIgniter.php(417): CodeIgniter\CodeIgniter->startController()
#5 C:\xampp\htdocs\auta\system\CodeIgniter.php(333): CodeIgniter\CodeIgniter->handleRequest(NULL, Object(Config\Cache), false)
#6 C:\xampp\htdocs\auta\public\index.php(44): CodeIgniter\CodeIgniter->run()
#7 {main}
CRITICAL - 2021-03-14 14:27:20 --> syntax error, unexpected token "echo"
#0 C:\xampp\htdocs\auta\system\Autoloader\Autoloader.php(265): CodeIgniter\Autoloader\Autoloader->includeFile('C:\\xampp\\htdocs...')
#1 C:\xampp\htdocs\auta\system\Autoloader\Autoloader.php(228): CodeIgniter\Autoloader\Autoloader->loadInNamespace('App\\Controllers...')
#2 [internal function]: CodeIgniter\Autoloader\Autoloader->loadClass('App\\Controllers...')
#3 C:\xampp\htdocs\auta\system\CodeIgniter.php(893): class_exists('\\App\\Controller...', true)
#4 C:\xampp\htdocs\auta\system\CodeIgniter.php(417): CodeIgniter\CodeIgniter->startController()
#5 C:\xampp\htdocs\auta\system\CodeIgniter.php(333): CodeIgniter\CodeIgniter->handleRequest(NULL, Object(Config\Cache), false)
#6 C:\xampp\htdocs\auta\public\index.php(44): CodeIgniter\CodeIgniter->run()
#7 {main}
CRITICAL - 2021-03-14 14:27:21 --> syntax error, unexpected token "echo"
#0 C:\xampp\htdocs\auta\system\Autoloader\Autoloader.php(265): CodeIgniter\Autoloader\Autoloader->includeFile('C:\\xampp\\htdocs...')
#1 C:\xampp\htdocs\auta\system\Autoloader\Autoloader.php(228): CodeIgniter\Autoloader\Autoloader->loadInNamespace('App\\Controllers...')
#2 [internal function]: CodeIgniter\Autoloader\Autoloader->loadClass('App\\Controllers...')
#3 C:\xampp\htdocs\auta\system\CodeIgniter.php(893): class_exists('\\App\\Controller...', true)
#4 C:\xampp\htdocs\auta\system\CodeIgniter.php(417): CodeIgniter\CodeIgniter->startController()
#5 C:\xampp\htdocs\auta\system\CodeIgniter.php(333): CodeIgniter\CodeIgniter->handleRequest(NULL, Object(Config\Cache), false)
#6 C:\xampp\htdocs\auta\public\index.php(44): CodeIgniter\CodeIgniter->run()
#7 {main}
CRITICAL - 2021-03-14 14:28:06 --> syntax error, unexpected token "echo"
#0 C:\xampp\htdocs\auta\system\Autoloader\Autoloader.php(265): CodeIgniter\Autoloader\Autoloader->includeFile('C:\\xampp\\htdocs...')
#1 C:\xampp\htdocs\auta\system\Autoloader\Autoloader.php(228): CodeIgniter\Autoloader\Autoloader->loadInNamespace('App\\Controllers...')
#2 [internal function]: CodeIgniter\Autoloader\Autoloader->loadClass('App\\Controllers...')
#3 C:\xampp\htdocs\auta\system\CodeIgniter.php(893): class_exists('\\App\\Controller...', true)
#4 C:\xampp\htdocs\auta\system\CodeIgniter.php(417): CodeIgniter\CodeIgniter->startController()
#5 C:\xampp\htdocs\auta\system\CodeIgniter.php(333): CodeIgniter\CodeIgniter->handleRequest(NULL, Object(Config\Cache), false)
#6 C:\xampp\htdocs\auta\public\index.php(44): CodeIgniter\CodeIgniter->run()
#7 {main}
CRITICAL - 2021-03-14 14:28:07 --> syntax error, unexpected token "echo"
#0 C:\xampp\htdocs\auta\system\Autoloader\Autoloader.php(265): CodeIgniter\Autoloader\Autoloader->includeFile('C:\\xampp\\htdocs...')
#1 C:\xampp\htdocs\auta\system\Autoloader\Autoloader.php(228): CodeIgniter\Autoloader\Autoloader->loadInNamespace('App\\Controllers...')
#2 [internal function]: CodeIgniter\Autoloader\Autoloader->loadClass('App\\Controllers...')
#3 C:\xampp\htdocs\auta\system\CodeIgniter.php(893): class_exists('\\App\\Controller...', true)
#4 C:\xampp\htdocs\auta\system\CodeIgniter.php(417): CodeIgniter\CodeIgniter->startController()
#5 C:\xampp\htdocs\auta\system\CodeIgniter.php(333): CodeIgniter\CodeIgniter->handleRequest(NULL, Object(Config\Cache), false)
#6 C:\xampp\htdocs\auta\public\index.php(44): CodeIgniter\CodeIgniter->run()
#7 {main}
