CRITICAL - 2021-03-03 20:27:09 --> The framework needs the following extension(s) installed and loaded: {0}.
#0 C:\xampp\htdocs\auta\system\CodeIgniter.php(224): CodeIgniter\Exceptions\FrameworkException::forMissingExtension('intl')
#1 C:\xampp\htdocs\auta\system\CodeIgniter.php(172): CodeIgniter\CodeIgniter->resolvePlatformExtensions()
#2 C:\xampp\htdocs\auta\system\bootstrap.php(159): CodeIgniter\CodeIgniter->initialize()
#3 C:\xampp\htdocs\auta\public\index.php(35): require('C:\\xampp\\htdocs...')
#4 {main}
CRITICAL - 2021-03-03 20:27:32 --> The framework needs the following extension(s) installed and loaded: {0}.
#0 C:\xampp\htdocs\auta\system\CodeIgniter.php(224): CodeIgniter\Exceptions\FrameworkException::forMissingExtension('intl')
#1 C:\xampp\htdocs\auta\system\CodeIgniter.php(172): CodeIgniter\CodeIgniter->resolvePlatformExtensions()
#2 C:\xampp\htdocs\auta\system\bootstrap.php(159): CodeIgniter\CodeIgniter->initialize()
#3 C:\xampp\htdocs\auta\public\index.php(35): require('C:\\xampp\\htdocs...')
#4 {main}
CRITICAL - 2021-03-03 20:31:07 --> The framework needs the following extension(s) installed and loaded: {0}.
#0 C:\xampp\htdocs\auta\system\CodeIgniter.php(224): CodeIgniter\Exceptions\FrameworkException::forMissingExtension('intl')
#1 C:\xampp\htdocs\auta\system\CodeIgniter.php(172): CodeIgniter\CodeIgniter->resolvePlatformExtensions()
#2 C:\xampp\htdocs\auta\system\bootstrap.php(159): CodeIgniter\CodeIgniter->initialize()
#3 C:\xampp\htdocs\auta\public\index.php(35): require('C:\\xampp\\htdocs...')
#4 {main}
CRITICAL - 2021-03-03 20:31:07 --> The framework needs the following extension(s) installed and loaded: {0}.
#0 C:\xampp\htdocs\auta\system\CodeIgniter.php(224): CodeIgniter\Exceptions\FrameworkException::forMissingExtension('intl')
#1 C:\xampp\htdocs\auta\system\CodeIgniter.php(172): CodeIgniter\CodeIgniter->resolvePlatformExtensions()
#2 C:\xampp\htdocs\auta\system\bootstrap.php(159): CodeIgniter\CodeIgniter->initialize()
#3 C:\xampp\htdocs\auta\public\index.php(35): require('C:\\xampp\\htdocs...')
#4 {main}
CRITICAL - 2021-03-03 20:31:08 --> The framework needs the following extension(s) installed and loaded: {0}.
#0 C:\xampp\htdocs\auta\system\CodeIgniter.php(224): CodeIgniter\Exceptions\FrameworkException::forMissingExtension('intl')
#1 C:\xampp\htdocs\auta\system\CodeIgniter.php(172): CodeIgniter\CodeIgniter->resolvePlatformExtensions()
#2 C:\xampp\htdocs\auta\system\bootstrap.php(159): CodeIgniter\CodeIgniter->initialize()
#3 C:\xampp\htdocs\auta\public\index.php(35): require('C:\\xampp\\htdocs...')
#4 {main}
CRITICAL - 2021-03-03 20:31:22 --> The framework needs the following extension(s) installed and loaded: {0}.
#0 C:\xampp\htdocs\auta\system\CodeIgniter.php(224): CodeIgniter\Exceptions\FrameworkException::forMissingExtension('intl')
#1 C:\xampp\htdocs\auta\system\CodeIgniter.php(172): CodeIgniter\CodeIgniter->resolvePlatformExtensions()
#2 C:\xampp\htdocs\auta\system\bootstrap.php(159): CodeIgniter\CodeIgniter->initialize()
#3 C:\xampp\htdocs\auta\public\index.php(35): require('C:\\xampp\\htdocs...')
#4 {main}
CRITICAL - 2021-03-03 20:31:23 --> The framework needs the following extension(s) installed and loaded: {0}.
#0 C:\xampp\htdocs\auta\system\CodeIgniter.php(224): CodeIgniter\Exceptions\FrameworkException::forMissingExtension('intl')
#1 C:\xampp\htdocs\auta\system\CodeIgniter.php(172): CodeIgniter\CodeIgniter->resolvePlatformExtensions()
#2 C:\xampp\htdocs\auta\system\bootstrap.php(159): CodeIgniter\CodeIgniter->initialize()
#3 C:\xampp\htdocs\auta\public\index.php(35): require('C:\\xampp\\htdocs...')
#4 {main}
CRITICAL - 2021-03-03 20:32:19 --> The framework needs the following extension(s) installed and loaded: {0}.
#0 C:\xampp\htdocs\auta\system\CodeIgniter.php(224): CodeIgniter\Exceptions\FrameworkException::forMissingExtension('intl')
#1 C:\xampp\htdocs\auta\system\CodeIgniter.php(172): CodeIgniter\CodeIgniter->resolvePlatformExtensions()
#2 C:\xampp\htdocs\auta\system\bootstrap.php(159): CodeIgniter\CodeIgniter->initialize()
#3 C:\xampp\htdocs\auta\public\index.php(35): require('C:\\xampp\\htdocs...')
#4 {main}
CRITICAL - 2021-03-03 20:34:17 --> The framework needs the following extension(s) installed and loaded: {0}.
#0 C:\xampp\htdocs\auta\system\CodeIgniter.php(224): CodeIgniter\Exceptions\FrameworkException::forMissingExtension('intl')
#1 C:\xampp\htdocs\auta\system\CodeIgniter.php(172): CodeIgniter\CodeIgniter->resolvePlatformExtensions()
#2 C:\xampp\htdocs\auta\system\bootstrap.php(159): CodeIgniter\CodeIgniter->initialize()
#3 C:\xampp\htdocs\auta\public\index.php(35): require('C:\\xampp\\htdocs...')
#4 {main}
CRITICAL - 2021-03-03 20:34:38 --> The framework needs the following extension(s) installed and loaded: {0}.
#0 C:\xampp\htdocs\auta\system\CodeIgniter.php(224): CodeIgniter\Exceptions\FrameworkException::forMissingExtension('intl')
#1 C:\xampp\htdocs\auta\system\CodeIgniter.php(172): CodeIgniter\CodeIgniter->resolvePlatformExtensions()
#2 C:\xampp\htdocs\auta\system\bootstrap.php(159): CodeIgniter\CodeIgniter->initialize()
#3 C:\xampp\htdocs\auta\public\index.php(35): require('C:\\xampp\\htdocs...')
#4 {main}
CRITICAL - 2021-03-03 20:36:31 --> The framework needs the following extension(s) installed and loaded: {0}.
#0 C:\xampp\htdocs\auta\system\CodeIgniter.php(224): CodeIgniter\Exceptions\FrameworkException::forMissingExtension('intl')
#1 C:\xampp\htdocs\auta\system\CodeIgniter.php(172): CodeIgniter\CodeIgniter->resolvePlatformExtensions()
#2 C:\xampp\htdocs\auta\system\bootstrap.php(159): CodeIgniter\CodeIgniter->initialize()
#3 C:\xampp\htdocs\auta\public\index.php(35): require('C:\\xampp\\htdocs...')
#4 {main}
CRITICAL - 2021-03-03 20:39:36 --> The framework needs the following extension(s) installed and loaded: {0}.
#0 C:\xampp\htdocs\auta\system\CodeIgniter.php(224): CodeIgniter\Exceptions\FrameworkException::forMissingExtension('intl')
#1 C:\xampp\htdocs\auta\system\CodeIgniter.php(172): CodeIgniter\CodeIgniter->resolvePlatformExtensions()
#2 C:\xampp\htdocs\auta\system\bootstrap.php(159): CodeIgniter\CodeIgniter->initialize()
#3 C:\xampp\htdocs\auta\public\index.php(35): require('C:\\xampp\\htdocs...')
#4 {main}
CRITICAL - 2021-03-03 20:39:38 --> The framework needs the following extension(s) installed and loaded: {0}.
#0 C:\xampp\htdocs\auta\system\CodeIgniter.php(224): CodeIgniter\Exceptions\FrameworkException::forMissingExtension('intl')
#1 C:\xampp\htdocs\auta\system\CodeIgniter.php(172): CodeIgniter\CodeIgniter->resolvePlatformExtensions()
#2 C:\xampp\htdocs\auta\system\bootstrap.php(159): CodeIgniter\CodeIgniter->initialize()
#3 C:\xampp\htdocs\auta\public\index.php(35): require('C:\\xampp\\htdocs...')
#4 {main}
CRITICAL - 2021-03-03 20:43:12 --> The framework needs the following extension(s) installed and loaded: {0}.
#0 C:\xampp\htdocs\auta\system\CodeIgniter.php(224): CodeIgniter\Exceptions\FrameworkException::forMissingExtension('intl')
#1 C:\xampp\htdocs\auta\system\CodeIgniter.php(172): CodeIgniter\CodeIgniter->resolvePlatformExtensions()
#2 C:\xampp\htdocs\auta\system\bootstrap.php(159): CodeIgniter\CodeIgniter->initialize()
#3 C:\xampp\htdocs\auta\public\index.php(35): require('C:\\xampp\\htdocs...')
#4 {main}
CRITICAL - 2021-03-03 20:45:10 --> The framework needs the following extension(s) installed and loaded: {0}.
#0 C:\xampp\htdocs\auta\system\CodeIgniter.php(224): CodeIgniter\Exceptions\FrameworkException::forMissingExtension('intl')
#1 C:\xampp\htdocs\auta\system\CodeIgniter.php(172): CodeIgniter\CodeIgniter->resolvePlatformExtensions()
#2 C:\xampp\htdocs\auta\system\bootstrap.php(159): CodeIgniter\CodeIgniter->initialize()
#3 C:\xampp\htdocs\auta\public\index.php(35): require('C:\\xampp\\htdocs...')
#4 {main}
CRITICAL - 2021-03-03 20:45:15 --> The framework needs the following extension(s) installed and loaded: {0}.
#0 C:\xampp\htdocs\auta\system\CodeIgniter.php(224): CodeIgniter\Exceptions\FrameworkException::forMissingExtension('intl')
#1 C:\xampp\htdocs\auta\system\CodeIgniter.php(172): CodeIgniter\CodeIgniter->resolvePlatformExtensions()
#2 C:\xampp\htdocs\auta\system\bootstrap.php(159): CodeIgniter\CodeIgniter->initialize()
#3 C:\xampp\htdocs\auta\public\index.php(35): require('C:\\xampp\\htdocs...')
#4 {main}
CRITICAL - 2021-03-03 20:45:16 --> The framework needs the following extension(s) installed and loaded: {0}.
#0 C:\xampp\htdocs\auta\system\CodeIgniter.php(224): CodeIgniter\Exceptions\FrameworkException::forMissingExtension('intl')
#1 C:\xampp\htdocs\auta\system\CodeIgniter.php(172): CodeIgniter\CodeIgniter->resolvePlatformExtensions()
#2 C:\xampp\htdocs\auta\system\bootstrap.php(159): CodeIgniter\CodeIgniter->initialize()
#3 C:\xampp\htdocs\auta\public\index.php(35): require('C:\\xampp\\htdocs...')
#4 {main}
